# JRE version: Java(TM) SE Runtime Environment (17.0.9+11) (build 17.0.9+11-LTS-201)
# Java VM: Java HotSpot(TM) 64-Bit Server VM (17.0.9+11-LTS-201, mixed mode, sharing, tiered, compressed oops, compressed class ptrs, g1 gc, windows-amd64)
GC Precious Log:
 CPUs: 4 total, 4 available
 Memory: 3959M
 Large Page Support: Disabled
 NUMA Support: Disabled
 Compressed Oops: Enabled (32-bit)
 Heap Region Size: 1M
 Heap Min Capacity: 8M
 Heap Initial Capacity: 62M
 Heap Max Capacity: 2G
 Pre-touch: Disabled
 Parallel Workers: 4
 Concurrent Workers: 1
 Concurrent Refinement Workers: 4
 Periodic GC: Disabled
Heap:
 garbage-first heap   total 362496K, used 321903K [0x0000000080000000, 0x0000000100000000)
  region size 1024K, 58 young (59392K), 4 survivors (4096K)
 Metaspace       used 109992K, committed 111360K, reserved 557056K
  class space    used 14595K, committed 15168K, reserved 425984K
GC Heap History (20 events):
Event: 3032.711 GC heap before
{Heap before GC invocations=131 (full 0):
 garbage-first heap   total 292864K, used 254594K [0x0000000080000000, 0x0000000100000000)
  region size 1024K, 78 young (79872K), 5 survivors (5120K)
 Metaspace       used 110225K, committed 111232K, reserved 557056K
  class space    used 14698K, committed 15168K, reserved 425984K
}
Event: 3032.717 GC heap after
{Heap after GC invocations=132 (full 0):
 garbage-first heap   total 292864K, used 179896K [0x0000000080000000, 0x0000000100000000)
  region size 1024K, 6 young (6144K), 6 survivors (6144K)
 Metaspace       used 110225K, committed 111232K, reserved 557056K
  class space    used 14698K, committed 15168K, reserved 425984K
}
Event: 3053.671 GC heap before
{Heap before GC invocations=132 (full 0):
 garbage-first heap   total 292864K, used 252600K [0x0000000080000000, 0x0000000100000000)
  region size 1024K, 78 young (79872K), 6 survivors (6144K)
 Metaspace       used 110278K, committed 111232K, reserved 557056K
  class space    used 14698K, committed 15168K, reserved 425984K
}
Event: 3053.685 GC heap after
{Heap after GC invocations=133 (full 0):
 garbage-first heap   total 292864K, used 177002K [0x0000000080000000, 0x0000000100000000)
  region size 1024K, 3 young (3072K), 3 survivors (3072K)
 Metaspace       used 110278K, committed 111232K, reserved 557056K
  class space    used 14698K, committed 15168K, reserved 425984K
}
Event: 3075.131 GC heap before
{Heap before GC invocations=133 (full 0):
 garbage-first heap   total 292864K, used 253802K [0x0000000080000000, 0x0000000100000000)
  region size 1024K, 79 young (80896K), 3 survivors (3072K)
 Metaspace       used 110318K, committed 111232K, reserved 557056K
  class space    used 14698K, committed 15168K, reserved 425984K
}
Event: 3075.138 GC heap after
{Heap after GC invocations=134 (full 0):
 garbage-first heap   total 292864K, used 177491K [0x0000000080000000, 0x0000000100000000)
  region size 1024K, 3 young (3072K), 3 survivors (3072K)
 Metaspace       used 110318K, committed 111232K, reserved 557056K
  class space    used 14698K, committed 15168K, reserved 425984K
}
Event: 3081.774 GC heap before
{Heap before GC invocations=134 (full 0):
 garbage-first heap   total 292864K, used 256339K [0x0000000080000000, 0x0000000100000000)
  region size 1024K, 79 young (80896K), 3 survivors (3072K)
 Metaspace       used 110318K, committed 111232K, reserved 557056K
  class space    used 14698K, committed 15168K, reserved 425984K
}
Event: 3081.783 GC heap after
{Heap after GC invocations=135 (full 0):
 garbage-first heap   total 292864K, used 178572K [0x0000000080000000, 0x0000000100000000)
  region size 1024K, 4 young (4096K), 4 survivors (4096K)
 Metaspace       used 110318K, committed 111232K, reserved 557056K
  class space    used 14698K, committed 15168K, reserved 425984K
}
Event: 3108.686 GC heap before
{Heap before GC invocations=135 (full 0):
 garbage-first heap   total 292864K, used 238988K [0x0000000080000000, 0x0000000100000000)
  region size 1024K, 50 young (51200K), 4 survivors (4096K)
 Metaspace       used 110319K, committed 111232K, reserved 557056K
  class space    used 14698K, committed 15168K, reserved 425984K
}
Event: 3108.757 GC heap after
{Heap after GC invocations=136 (full 0):
 garbage-first heap   total 292864K, used 181027K [0x0000000080000000, 0x0000000100000000)
  region size 1024K, 3 young (3072K), 3 survivors (3072K)
 Metaspace       used 110319K, committed 111232K, reserved 557056K
  class space    used 14698K, committed 15168K, reserved 425984K
}
Event: 3108.831 GC heap before
{Heap before GC invocations=136 (full 0):
 garbage-first heap   total 292864K, used 198435K [0x0000000080000000, 0x0000000100000000)
  region size 1024K, 7 young (7168K), 3 survivors (3072K)
 Metaspace       used 110319K, committed 111232K, reserved 557056K
  class space    used 14698K, committed 15168K, reserved 425984K
}
Event: 3108.835 GC heap after
{Heap after GC invocations=137 (full 0):
 garbage-first heap   total 292864K, used 185728K [0x0000000080000000, 0x0000000100000000)
  region size 1024K, 3 young (3072K), 3 survivors (3072K)
 Metaspace       used 110319K, committed 111232K, reserved 557056K
  class space    used 14698K, committed 15168K, reserved 425984K
}
Event: 3108.838 GC heap before
{Heap before GC invocations=137 (full 0):
 garbage-first heap   total 292864K, used 187776K [0x0000000080000000, 0x0000000100000000)
  region size 1024K, 4 young (4096K), 3 survivors (3072K)
 Metaspace       used 110319K, committed 111232K, reserved 557056K
  class space    used 14698K, committed 15168K, reserved 425984K
}
Event: 3108.844 GC heap after
{Heap after GC invocations=138 (full 0):
 garbage-first heap   total 292864K, used 184957K [0x0000000080000000, 0x0000000100000000)
  region size 1024K, 3 young (3072K), 3 survivors (3072K)
 Metaspace       used 110319K, committed 111232K, reserved 557056K
  class space    used 14698K, committed 15168K, reserved 425984K
}
Event: 3467.691 GC heap before
{Heap before GC invocations=139 (full 0):
 garbage-first heap   total 362496K, used 258685K [0x0000000080000000, 0x0000000100000000)
  region size 1024K, 52 young (53248K), 3 survivors (3072K)
 Metaspace       used 110053K, committed 111360K, reserved 557056K
  class space    used 14621K, committed 15168K, reserved 425984K
}
Event: 3467.865 GC heap after
{Heap after GC invocations=140 (full 0):
 garbage-first heap   total 362496K, used 176767K [0x0000000080000000, 0x0000000100000000)
  region size 1024K, 2 young (2048K), 2 survivors (2048K)
 Metaspace       used 110053K, committed 111360K, reserved 557056K
  class space    used 14621K, committed 15168K, reserved 425984K
}
Event: 3649.662 GC heap before
{Heap before GC invocations=140 (full 0):
 garbage-first heap   total 362496K, used 200319K [0x0000000080000000, 0x0000000100000000)
  region size 1024K, 17 young (17408K), 2 survivors (2048K)
 Metaspace       used 110054K, committed 111360K, reserved 557056K
  class space    used 14621K, committed 15168K, reserved 425984K
}
Event: 3649.789 GC heap after
{Heap after GC invocations=141 (full 0):
 garbage-first heap   total 362496K, used 171151K [0x0000000080000000, 0x0000000100000000)
  region size 1024K, 3 young (3072K), 3 survivors (3072K)
 Metaspace       used 110054K, committed 111360K, reserved 557056K
  class space    used 14621K, committed 15168K, reserved 425984K
}
Event: 3649.843 GC heap before
{Heap before GC invocations=141 (full 0):
 garbage-first heap   total 362496K, used 176271K [0x0000000080000000, 0x0000000100000000)
  region size 1024K, 9 young (9216K), 3 survivors (3072K)
 Metaspace       used 110054K, committed 111360K, reserved 557056K
  class space    used 14621K, committed 15168K, reserved 425984K
}
Event: 3649.898 GC heap after
{Heap after GC invocations=142 (full 0):
 garbage-first heap   total 362496K, used 172399K [0x0000000080000000, 0x0000000100000000)
  region size 1024K, 4 young (4096K), 4 survivors (4096K)
 Metaspace       used 110054K, committed 111360K, reserved 557056K
  class space    used 14621K, committed 15168K, reserved 425984K
}

